2025-11-13 13:20:34,561 INFO  [] o.h.validator.internal.util.Version - HV000001: Hibernate Validator 8.0.3.Final
2025-11-13 13:20:34,608 INFO  [] c.r.s.reputeai.ReputeaiApplication - Starting ReputeaiApplication using Java 21.0.9 with PID 19640 (C:\Users\Ashish jha\Desktop\project1\ReputeAI\server\reputeai\target\classes started by Ashish_jha in C:\Users\Ashish jha\Desktop\project1\ReputeAI\server)
2025-11-13 13:20:34,608 DEBUG [] c.r.s.reputeai.ReputeaiApplication - Running with Spring Boot v3.5.7, Spring v6.2.12
2025-11-13 13:20:34,609 INFO  [] c.r.s.reputeai.ReputeaiApplication - The following 1 profile is active: "dev"
2025-11-13 13:20:34,648 INFO  [] o.s.b.d.e.DevToolsPropertyDefaultsPostProcessor - Devtools property defaults active! Set 'spring.devtools.add-properties' to 'false' to disable
2025-11-13 13:20:34,648 INFO  [] o.s.b.d.e.DevToolsPropertyDefaultsPostProcessor - For additional web related logging consider setting the 'logging.level.web' property to 'DEBUG'
2025-11-13 13:20:35,572 INFO  [] o.s.d.r.c.RepositoryConfigurationDelegate - Multiple Spring Data modules found, entering strict repository configuration mode
2025-11-13 13:20:35,573 INFO  [] o.s.d.r.c.RepositoryConfigurationDelegate - Bootstrapping Spring Data JPA repositories in DEFAULT mode.
2025-11-13 13:20:35,594 INFO  [] o.s.d.r.c.RepositoryConfigurationDelegate - Finished Spring Data repository scanning in 12 ms. Found 0 JPA repository interfaces.
2025-11-13 13:20:35,609 INFO  [] o.s.d.r.c.RepositoryConfigurationDelegate - Multiple Spring Data modules found, entering strict repository configuration mode
2025-11-13 13:20:35,610 INFO  [] o.s.d.r.c.RepositoryConfigurationDelegate - Bootstrapping Spring Data Redis repositories in DEFAULT mode.
2025-11-13 13:20:35,619 INFO  [] o.s.d.r.c.RepositoryConfigurationDelegate - Finished Spring Data repository scanning in 1 ms. Found 0 Redis repository interfaces.
2025-11-13 13:20:36,303 INFO  [] o.s.b.w.e.tomcat.TomcatWebServer - Tomcat initialized with port 8080 (http)
2025-11-13 13:20:36,313 INFO  [] o.a.coyote.http11.Http11NioProtocol - Initializing ProtocolHandler ["http-nio-8080"]
2025-11-13 13:20:36,314 INFO  [] o.a.catalina.core.StandardService - Starting service [Tomcat]
2025-11-13 13:20:36,314 INFO  [] o.a.catalina.core.StandardEngine - Starting Servlet engine: [Apache Tomcat/10.1.48]
2025-11-13 13:20:36,369 INFO  [] o.a.c.c.C.[Tomcat].[localhost].[/] - Initializing Spring embedded WebApplicationContext
2025-11-13 13:20:36,369 INFO  [] o.s.b.w.s.c.ServletWebServerApplicationContext - Root WebApplicationContext: initialization completed in 1721 ms
2025-11-13 13:20:36,410 DEBUG [] c.r.s.r.config.RequestIdFilter - Filter 'requestIdFilter' configured for use
2025-11-13 13:20:36,517 INFO  [] o.h.jpa.internal.util.LogHelper - HHH000204: Processing PersistenceUnitInfo [name: default]
2025-11-13 13:20:36,591 INFO  [] org.hibernate.Version - HHH000412: Hibernate ORM core version 6.6.33.Final
2025-11-13 13:20:36,624 INFO  [] o.h.c.i.RegionFactoryInitiator - HHH000026: Second-level cache disabled
2025-11-13 13:20:36,879 INFO  [] o.s.o.j.p.SpringPersistenceUnitInfo - No LoadTimeWeaver setup: ignoring JPA class transformer
2025-11-13 13:20:36,916 INFO  [] com.zaxxer.hikari.HikariDataSource - HikariPool-1 - Starting...
2025-11-13 13:20:38,673 INFO  [] com.zaxxer.hikari.pool.HikariPool - HikariPool-1 - Added connection com.mysql.cj.jdbc.ConnectionImpl@30b9b7a2
2025-11-13 13:20:38,678 INFO  [] com.zaxxer.hikari.HikariDataSource - HikariPool-1 - Start completed.
2025-11-13 13:20:38,971 INFO  [] o.hibernate.orm.connections.pooling - HHH10001005: Database info:
	Database JDBC URL [Connecting through datasource 'HikariDataSource (HikariPool-1)']
	Database driver: undefined/unknown
	Database version: 8.0.35
	Autocommit mode: undefined/unknown
	Isolation level: undefined/unknown
	Minimum pool size: undefined/unknown
	Maximum pool size: undefined/unknown
2025-11-13 13:20:39,289 INFO  [] o.h.e.t.j.p.i.JtaPlatformInitiator - HHH000489: No JTA platform available (set 'hibernate.transaction.jta.platform' to enable JTA platform integration)
2025-11-13 13:20:39,295 INFO  [] o.s.o.j.LocalContainerEntityManagerFactoryBean - Initialized JPA EntityManagerFactory for persistence unit 'default'
2025-11-13 13:20:39,547 WARN  [] o.s.b.a.o.j.JpaBaseConfiguration$JpaWebConfiguration - spring.jpa.open-in-view is enabled by default. Therefore, database queries may be performed during view rendering. Explicitly configure spring.jpa.open-in-view to disable this warning
2025-11-13 13:20:39,647 DEBUG [] o.s.w.s.m.m.a.RequestMappingHandlerMapping - 8 mappings in 'requestMappingHandlerMapping'
2025-11-13 13:20:39,681 DEBUG [] o.s.w.s.h.SimpleUrlHandlerMapping - Patterns [/webjars/**, /**, /api/v1/swagger-ui*/*swagger-initializer.js, /api/v1/swagger-ui*/**] in 'resourceHandlerMapping'
2025-11-13 13:20:39,718 DEBUG [] o.s.w.s.m.m.a.RequestMappingHandlerAdapter - ControllerAdvice beans: 0 @ModelAttribute, 0 @InitBinder, 1 RequestBodyAdvice, 1 ResponseBodyAdvice
2025-11-13 13:20:39,777 DEBUG [] o.s.w.s.m.m.a.ExceptionHandlerExceptionResolver - ControllerAdvice beans: 1 @ExceptionHandler, 1 ResponseBodyAdvice
2025-11-13 13:20:39,824 INFO  [] n.d.b.g.s.a.GrpcServerFactoryAutoConfiguration - Detected grpc-netty-shaded: Creating ShadedNettyGrpcServerFactory
2025-11-13 13:20:39,903 TRACE [] o.s.s.c.a.a.c.AuthenticationConfiguration$EnableGlobalAuthenticationAutowiredConfigurer - Eagerly initializing {org.springframework.boot.autoconfigure.security.servlet.SpringBootWebSecurityConfiguration$WebSecurityEnablerConfiguration=org.springframework.boot.autoconfigure.security.servlet.SpringBootWebSecurityConfiguration$WebSecurityEnablerConfiguration@4e86ce6f}
2025-11-13 13:20:39,905 DEBUG [] o.s.s.c.a.a.c.AuthenticationConfiguration$DefaultPasswordEncoderAuthenticationManagerBuilder - No authenticationProviders and no parentAuthenticationManager defined. Returning null.
2025-11-13 13:20:40,039 DEBUG [] o.s.s.web.DefaultSecurityFilterChain - Will secure any request with filters: DisableEncodeUrlFilter, WebAsyncManagerIntegrationFilter, SecurityContextHolderFilter, HeaderWriterFilter, CsrfFilter, LogoutFilter, OAuth2AuthorizationRequestRedirectFilter, OAuth2AuthorizationRequestRedirectFilter, OAuth2LoginAuthenticationFilter, DefaultResourcesFilter, DefaultLoginPageGeneratingFilter, DefaultLogoutPageGeneratingFilter, RequestCacheAwareFilter, SecurityContextHolderAwareRequestFilter, AnonymousAuthenticationFilter, OAuth2AuthorizationCodeGrantFilter, ExceptionTranslationFilter, AuthorizationFilter
2025-11-13 13:20:40,709 INFO  [] o.s.b.d.a.OptionalLiveReloadServer - LiveReload server is running on port 35729
2025-11-13 13:20:40,743 INFO  [] o.a.coyote.http11.Http11NioProtocol - Starting ProtocolHandler ["http-nio-8080"]
2025-11-13 13:20:40,753 INFO  [] o.s.b.w.e.tomcat.TomcatWebServer - Tomcat started on port 8080 (http) with context path '/'
2025-11-13 13:20:40,829 INFO  [] n.d.b.g.s.s.AbstractGrpcServerFactory - Registered gRPC service: grpc.health.v1.Health, bean: grpcHealthService, class: io.grpc.protobuf.services.HealthServiceImpl
2025-11-13 13:20:40,830 INFO  [] n.d.b.g.s.s.AbstractGrpcServerFactory - Registered gRPC service: grpc.reflection.v1alpha.ServerReflection, bean: protoReflectionService, class: io.grpc.protobuf.services.ProtoReflectionService
2025-11-13 13:20:40,982 INFO  [] n.d.b.g.s.s.GrpcServerLifecycle - gRPC Server started, listening on address: *, port: 9090
2025-11-13 13:20:40,990 INFO  [] c.r.s.reputeai.ReputeaiApplication - Started ReputeaiApplication in 6.944 seconds (process running for 7.764)
2025-11-13 13:23:30,427 INFO  [] n.d.b.g.s.s.GrpcServerLifecycle - Completed gRPC server shutdown
2025-11-13 13:23:30,430 INFO  [] o.s.b.w.e.tomcat.GracefulShutdown - Commencing graceful shutdown. Waiting for active requests to complete
2025-11-13 13:23:30,439 INFO  [] o.s.b.w.e.tomcat.GracefulShutdown - Graceful shutdown complete
2025-11-13 13:23:30,473 INFO  [] o.s.o.j.LocalContainerEntityManagerFactoryBean - Closing JPA EntityManagerFactory for persistence unit 'default'
2025-11-13 13:23:30,475 INFO  [] com.zaxxer.hikari.HikariDataSource - HikariPool-1 - Shutdown initiated...
2025-11-13 13:23:30,633 INFO  [] com.zaxxer.hikari.HikariDataSource - HikariPool-1 - Shutdown completed.
2025-11-13 13:23:33,190 INFO  [] o.h.validator.internal.util.Version - HV000001: Hibernate Validator 8.0.3.Final
2025-11-13 13:23:33,242 INFO  [] c.r.s.reputeai.ReputeaiApplication - Starting ReputeaiApplication using Java 21.0.9 with PID 12712 (C:\Users\Ashish jha\Desktop\project1\ReputeAI\server\reputeai\target\classes started by Ashish_jha in C:\Users\Ashish jha\Desktop\project1\ReputeAI\server)
2025-11-13 13:23:33,245 DEBUG [] c.r.s.reputeai.ReputeaiApplication - Running with Spring Boot v3.5.7, Spring v6.2.12
2025-11-13 13:23:33,245 INFO  [] c.r.s.reputeai.ReputeaiApplication - The following 1 profile is active: "dev"
2025-11-13 13:23:33,283 INFO  [] o.s.b.d.e.DevToolsPropertyDefaultsPostProcessor - Devtools property defaults active! Set 'spring.devtools.add-properties' to 'false' to disable
2025-11-13 13:23:33,284 INFO  [] o.s.b.d.e.DevToolsPropertyDefaultsPostProcessor - For additional web related logging consider setting the 'logging.level.web' property to 'DEBUG'
2025-11-13 13:23:34,159 INFO  [] o.s.d.r.c.RepositoryConfigurationDelegate - Multiple Spring Data modules found, entering strict repository configuration mode
2025-11-13 13:23:34,160 INFO  [] o.s.d.r.c.RepositoryConfigurationDelegate - Bootstrapping Spring Data JPA repositories in DEFAULT mode.
2025-11-13 13:23:34,182 INFO  [] o.s.d.r.c.RepositoryConfigurationDelegate - Finished Spring Data repository scanning in 11 ms. Found 0 JPA repository interfaces.
2025-11-13 13:23:34,196 INFO  [] o.s.d.r.c.RepositoryConfigurationDelegate - Multiple Spring Data modules found, entering strict repository configuration mode
2025-11-13 13:23:34,197 INFO  [] o.s.d.r.c.RepositoryConfigurationDelegate - Bootstrapping Spring Data Redis repositories in DEFAULT mode.
2025-11-13 13:23:34,210 INFO  [] o.s.d.r.c.RepositoryConfigurationDelegate - Finished Spring Data repository scanning in 1 ms. Found 0 Redis repository interfaces.
2025-11-13 13:23:34,873 INFO  [] o.s.b.w.e.tomcat.TomcatWebServer - Tomcat initialized with port 8080 (http)
2025-11-13 13:23:34,883 INFO  [] o.a.coyote.http11.Http11NioProtocol - Initializing ProtocolHandler ["http-nio-8080"]
2025-11-13 13:23:34,885 INFO  [] o.a.catalina.core.StandardService - Starting service [Tomcat]
2025-11-13 13:23:34,886 INFO  [] o.a.catalina.core.StandardEngine - Starting Servlet engine: [Apache Tomcat/10.1.48]
2025-11-13 13:23:34,947 INFO  [] o.a.c.c.C.[Tomcat].[localhost].[/] - Initializing Spring embedded WebApplicationContext
2025-11-13 13:23:34,948 INFO  [] o.s.b.w.s.c.ServletWebServerApplicationContext - Root WebApplicationContext: initialization completed in 1663 ms
2025-11-13 13:23:34,990 DEBUG [] c.r.s.r.config.RequestIdFilter - Filter 'requestIdFilter' configured for use
2025-11-13 13:23:35,106 INFO  [] o.h.jpa.internal.util.LogHelper - HHH000204: Processing PersistenceUnitInfo [name: default]
2025-11-13 13:23:35,158 INFO  [] org.hibernate.Version - HHH000412: Hibernate ORM core version 6.6.33.Final
2025-11-13 13:23:35,197 INFO  [] o.h.c.i.RegionFactoryInitiator - HHH000026: Second-level cache disabled
2025-11-13 13:23:35,449 INFO  [] o.s.o.j.p.SpringPersistenceUnitInfo - No LoadTimeWeaver setup: ignoring JPA class transformer
2025-11-13 13:23:35,481 INFO  [] com.zaxxer.hikari.HikariDataSource - HikariPool-1 - Starting...
2025-11-13 13:23:37,891 INFO  [] com.zaxxer.hikari.pool.HikariPool - HikariPool-1 - Added connection com.mysql.cj.jdbc.ConnectionImpl@53b670d6
2025-11-13 13:23:37,893 INFO  [] com.zaxxer.hikari.HikariDataSource - HikariPool-1 - Start completed.
2025-11-13 13:23:38,357 INFO  [] o.hibernate.orm.connections.pooling - HHH10001005: Database info:
	Database JDBC URL [Connecting through datasource 'HikariDataSource (HikariPool-1)']
	Database driver: undefined/unknown
	Database version: 8.0.35
	Autocommit mode: undefined/unknown
	Isolation level: undefined/unknown
	Minimum pool size: undefined/unknown
	Maximum pool size: undefined/unknown
2025-11-13 13:23:38,705 INFO  [] o.h.e.t.j.p.i.JtaPlatformInitiator - HHH000489: No JTA platform available (set 'hibernate.transaction.jta.platform' to enable JTA platform integration)
2025-11-13 13:23:38,712 INFO  [] o.s.o.j.LocalContainerEntityManagerFactoryBean - Initialized JPA EntityManagerFactory for persistence unit 'default'
2025-11-13 13:23:38,940 WARN  [] o.s.b.a.o.j.JpaBaseConfiguration$JpaWebConfiguration - spring.jpa.open-in-view is enabled by default. Therefore, database queries may be performed during view rendering. Explicitly configure spring.jpa.open-in-view to disable this warning
2025-11-13 13:23:39,055 DEBUG [] o.s.w.s.m.m.a.RequestMappingHandlerMapping - 8 mappings in 'requestMappingHandlerMapping'
2025-11-13 13:23:39,088 DEBUG [] o.s.w.s.h.SimpleUrlHandlerMapping - Patterns [/webjars/**, /**, /api/v1/swagger-ui*/*swagger-initializer.js, /api/v1/swagger-ui*/**] in 'resourceHandlerMapping'
2025-11-13 13:23:39,118 DEBUG [] o.s.w.s.m.m.a.RequestMappingHandlerAdapter - ControllerAdvice beans: 0 @ModelAttribute, 0 @InitBinder, 1 RequestBodyAdvice, 1 ResponseBodyAdvice
2025-11-13 13:23:39,179 DEBUG [] o.s.w.s.m.m.a.ExceptionHandlerExceptionResolver - ControllerAdvice beans: 1 @ExceptionHandler, 1 ResponseBodyAdvice
2025-11-13 13:23:39,227 INFO  [] n.d.b.g.s.a.GrpcServerFactoryAutoConfiguration - Detected grpc-netty-shaded: Creating ShadedNettyGrpcServerFactory
2025-11-13 13:23:39,302 TRACE [] o.s.s.c.a.a.c.AuthenticationConfiguration$EnableGlobalAuthenticationAutowiredConfigurer - Eagerly initializing {org.springframework.boot.autoconfigure.security.servlet.SpringBootWebSecurityConfiguration$WebSecurityEnablerConfiguration=org.springframework.boot.autoconfigure.security.servlet.SpringBootWebSecurityConfiguration$WebSecurityEnablerConfiguration@1e4d4bfb}
2025-11-13 13:23:39,303 DEBUG [] o.s.s.c.a.a.c.AuthenticationConfiguration$DefaultPasswordEncoderAuthenticationManagerBuilder - No authenticationProviders and no parentAuthenticationManager defined. Returning null.
2025-11-13 13:23:39,455 DEBUG [] o.s.s.web.DefaultSecurityFilterChain - Will secure any request with filters: DisableEncodeUrlFilter, WebAsyncManagerIntegrationFilter, SecurityContextHolderFilter, HeaderWriterFilter, CsrfFilter, LogoutFilter, OAuth2AuthorizationRequestRedirectFilter, OAuth2AuthorizationRequestRedirectFilter, OAuth2LoginAuthenticationFilter, DefaultResourcesFilter, DefaultLoginPageGeneratingFilter, DefaultLogoutPageGeneratingFilter, RequestCacheAwareFilter, SecurityContextHolderAwareRequestFilter, AnonymousAuthenticationFilter, OAuth2AuthorizationCodeGrantFilter, ExceptionTranslationFilter, AuthorizationFilter
2025-11-13 13:23:40,117 INFO  [] o.s.b.d.a.OptionalLiveReloadServer - LiveReload server is running on port 35729
2025-11-13 13:23:40,154 INFO  [] o.a.coyote.http11.Http11NioProtocol - Starting ProtocolHandler ["http-nio-8080"]
2025-11-13 13:23:40,164 INFO  [] o.s.b.w.e.tomcat.TomcatWebServer - Tomcat started on port 8080 (http) with context path '/'
2025-11-13 13:23:40,233 INFO  [] n.d.b.g.s.s.AbstractGrpcServerFactory - Registered gRPC service: grpc.health.v1.Health, bean: grpcHealthService, class: io.grpc.protobuf.services.HealthServiceImpl
2025-11-13 13:23:40,234 INFO  [] n.d.b.g.s.s.AbstractGrpcServerFactory - Registered gRPC service: grpc.reflection.v1alpha.ServerReflection, bean: protoReflectionService, class: io.grpc.protobuf.services.ProtoReflectionService
2025-11-13 13:23:40,375 INFO  [] n.d.b.g.s.s.GrpcServerLifecycle - gRPC Server started, listening on address: *, port: 9090
2025-11-13 13:23:40,388 INFO  [] c.r.s.reputeai.ReputeaiApplication - Started ReputeaiApplication in 7.84 seconds (process running for 8.702)
